commit 7dd2913d46334b1472e77cca9e36150bf0c94585
Author: trachselr <trachselr@bzz.ch>
Date:   Fri Oct 7 16:04:36 2022 +0200

    m294-223127-project: Finalcommit

commit d324eea295ece74f06dcf716c136e52b5e02b181
Author: trachselr <trachselr@bzz.ch>
Date:   Fri Oct 7 16:04:06 2022 +0200

    m294-223127-project: bearbeitet -> JS-Files

commit 2eef9bf2ad93c4348125668b30be174216d14665
Author: trachselr <trachselr@bzz.ch>
Date:   Fri Oct 7 09:32:16 2022 +0200

    m294-223127-project: hinzugefügt -> background

commit bfda717b485e7a0e12292d057238422bf06a3078
Author: trachselr <trachselr@bzz.ch>
Date:   Fri Oct 7 09:31:37 2022 +0200

    m294-223127-project: hunzgefügt -> Dateien

commit 9c4cdf3830df3ea2203046d1c61fbd6ccecf21bf
Author: trachselr <trachselr@bzz.ch>
Date:   Fri Oct 7 08:31:29 2022 +0200

    index.html: hinzugefügt -> Alle <form>-Objekte

commit 0706e6eff25f8a9188a848a5fa5423582b24d2ed
Author: trachselr <trachselr@bzz.ch>
Date:   Thu Oct 6 19:42:07 2022 +0200

    m294-223127-project: bearbeitet -> <title>-Tag

commit 4b4064771aefd151ae4501df4698e8b984f83940
Author: trachselr <trachselr@bzz.ch>
Date:   Thu Oct 6 19:39:58 2022 +0200

    m294-223127-project: hinzugefügt -> neue Struktur

commit cffea2eeee1618038220313ccf53fb40f8805266
Author: trachselr <trachselr@bzz.ch>
Date:   Thu Oct 6 13:58:36 2022 +0200

    m294-223127-project: hinzugefügt -> Struktur

commit ca57dcacbf5d6a3cf0fb95c951dcef4adda0d5a3
Author: trachselr <trachselr@bzz.ch>
Date:   Thu Oct 6 13:43:55 2022 +0200

    m294-223127-project: hinzugefügt -> Liste mit Task

commit 5714b9992ea11cfd14bbff2b4753359d6e82ea00
Author: trachselr <trachselr@bzz.ch>
Date:   Wed Oct 5 15:40:32 2022 +0200

    m294-223127-project: hinzugefügt -> Grundstruktur
